{"D:\\OneDrive - Krish Compusoft Services Pvt Ltd\\Node Workspace new\\expressJest\\src\\index.js": {"path":"D:\\OneDrive - Krish Compusoft Services Pvt Ltd\\Node Workspace new\\expressJest\\src\\index.js","statementMap":{"0":{"start":{"line":1,"column":16},"end":{"line":1,"column":34}},"1":{"start":{"line":3,"column":12},"end":{"line":3,"column":21}},"2":{"start":{"line":5,"column":0},"end":{"line":7,"column":3}},"3":{"start":{"line":6,"column":2},"end":{"line":6,"column":67}},"4":{"start":{"line":10,"column":0},"end":{"line":12,"column":2}},"5":{"start":{"line":11,"column":4},"end":{"line":11,"column":37}},"6":{"start":{"line":13,"column":0},"end":{"line":13,"column":21}}},"fnMap":{"0":{"name":"(anonymous_0)","decl":{"start":{"line":5,"column":13},"end":{"line":5,"column":14}},"loc":{"start":{"line":5,"column":27},"end":{"line":7,"column":1}},"line":5},"1":{"name":"(anonymous_1)","decl":{"start":{"line":10,"column":16},"end":{"line":10,"column":17}},"loc":{"start":{"line":10,"column":20},"end":{"line":12,"column":1}},"line":10}},"branchMap":{},"s":{"0":1,"1":1,"2":1,"3":1,"4":1,"5":1,"6":1},"f":{"0":1,"1":1},"b":{},"_coverageSchema":"1a1c01bbd47fc00a2c39e90264f33305004495a9","hash":"7a43a6c5ba72d57315b1bbe2d728fe570a96e733"}
}
